<?xml version="1.0" encoding="UTF-8"?>
<testng-results skipped="0" failed="0" ignored="0" total="1" passed="1">
  <reporter-output>
  </reporter-output>
  <suite name="Default suite" duration-ms="13238" started-at="2020-06-19T02:00:47 EDT" finished-at="2020-06-19T02:01:00 EDT">
    <groups>
    </groups>
    <test name="Default test" duration-ms="13238" started-at="2020-06-19T02:00:47 EDT" finished-at="2020-06-19T02:01:00 EDT">
      <class name="fridaytry.Fridayhomepratice">
        <test-method status="PASS" signature="openBrowser()[pri:0, instance:fridaytry.Fridayhomepratice@397ef2]" name="openBrowser" duration-ms="13062" started-at="2020-06-19T02:00:47 EDT" finished-at="2020-06-19T02:01:00 EDT">
          <reporter-output>
          </reporter-output>
        </test-method> <!-- openBrowser -->
      </class> <!-- fridaytry.Fridayhomepratice -->
    </test> <!-- Default test -->
  </suite> <!-- Default suite -->
</testng-results>
